TN:
SF:src\functions\ClientFunctions.ts
FN:6,ClientFunctions
FN:12,ClientFunctions.create
FN:37,ClientFunctions.findAll
FN:62,ClientFunctions.findById
FN:94,ClientFunctions.update
FN:120,ClientFunctions.deleteById
FN:8,Object.<anonymous>.ClientFunctions.initiResp
FNF:7
FNH:7
FNDA:2,ClientFunctions
FNDA:3,ClientFunctions.create
FNDA:1,ClientFunctions.findAll
FNDA:3,ClientFunctions.findById
FNDA:1,ClientFunctions.update
FNDA:1,ClientFunctions.deleteById
FNDA:9,Object.<anonymous>.ClientFunctions.initiResp
DA:1,1
DA:2,1
DA:3,1
DA:4,1
DA:5,1
DA:6,1
DA:7,1
DA:8,1
DA:9,9
DA:10,9
DA:11,1
DA:12,1
DA:13,3
DA:14,3
DA:15,3
DA:16,3
DA:17,3
DA:18,3
DA:19,3
DA:20,3
DA:21,3
DA:22,3
DA:23,3
DA:24,3
DA:25,3
DA:26,3
DA:27,3
DA:28,3
DA:29,3
DA:30,3
DA:31,3
DA:32,3
DA:33,3
DA:34,3
DA:35,3
DA:36,1
DA:37,1
DA:38,1
DA:39,1
DA:40,1
DA:41,1
DA:42,1
DA:43,1
DA:44,1
DA:45,1
DA:46,1
DA:47,1
DA:48,1
DA:49,1
DA:50,1
DA:51,1
DA:52,1
DA:53,1
DA:54,1
DA:55,1
DA:56,1
DA:57,1
DA:58,1
DA:59,1
DA:60,1
DA:61,1
DA:62,1
DA:63,3
DA:64,3
DA:65,3
DA:66,3
DA:67,3
DA:68,3
DA:69,3
DA:70,2
DA:71,2
DA:72,2
DA:73,2
DA:74,3
DA:75,1
DA:76,1
DA:77,1
DA:78,1
DA:79,1
DA:80,1
DA:81,3
DA:82,3
DA:83,3
DA:84,3
DA:85,3
DA:86,3
DA:87,3
DA:88,3
DA:89,3
DA:90,3
DA:91,3
DA:92,3
DA:93,1
DA:94,1
DA:95,1
DA:96,1
DA:97,1
DA:98,1
DA:99,1
DA:100,1
DA:101,1
DA:102,1
DA:103,1
DA:104,1
DA:105,1
DA:106,1
DA:107,1
DA:108,1
DA:109,1
DA:110,1
DA:111,1
DA:112,1
DA:113,1
DA:114,1
DA:115,1
DA:116,1
DA:117,1
DA:118,1
DA:119,1
DA:120,1
DA:121,1
DA:122,1
DA:123,1
DA:124,1
DA:125,1
DA:126,1
DA:127,1
DA:128,1
DA:129,1
DA:130,1
DA:131,1
DA:132,1
DA:133,1
DA:134,1
DA:135,1
DA:136,1
DA:137,1
DA:138,1
DA:139,1
DA:140,1
DA:141,1
DA:142,1
DA:143,1
DA:144,1
DA:145,1
DA:146,1
DA:147,1
DA:148,1
DA:149,1
DA:150,1
DA:151,1
LF:151
LH:151
BRDA:5,0,0,1
BRDA:6,1,0,2
BRDA:12,2,0,3
BRDA:12,3,0,3
BRDA:18,4,0,0
BRDA:34,5,0,3
BRDA:37,6,0,1
BRDA:37,7,0,1
BRDA:59,8,0,1
BRDA:62,9,0,3
BRDA:62,10,0,3
BRDA:69,11,0,2
BRDA:74,12,0,1
BRDA:91,13,0,3
BRDA:94,14,0,1
BRDA:94,15,0,1
BRDA:117,16,0,1
BRDA:120,17,0,1
BRDA:120,18,0,1
BRDA:141,19,0,1
BRDA:8,20,0,9
BRF:21
BRH:20
end_of_record
TN:
SF:src\services\ClientService.ts
FN:7,ClientService
FN:11,Object.<anonymous>.ClientService.findAll
FN:15,Object.<anonymous>.ClientService.findById
FN:19,Object.<anonymous>.ClientService.create
FN:23,Object.<anonymous>.ClientService.update
FN:27,Object.<anonymous>.ClientService.delete
FNF:6
FNH:6
FNDA:2,ClientService
FNDA:1,Object.<anonymous>.ClientService.findAll
FNDA:3,Object.<anonymous>.ClientService.findById
FNDA:3,Object.<anonymous>.ClientService.create
FNDA:1,Object.<anonymous>.ClientService.update
FNDA:1,Object.<anonymous>.ClientService.delete
DA:1,1
DA:2,1
DA:3,1
DA:4,1
DA:5,1
DA:6,1
DA:7,1
DA:8,2
DA:9,2
DA:10,1
DA:11,1
DA:12,1
DA:13,1
DA:14,1
DA:15,1
DA:16,3
DA:17,3
DA:18,1
DA:19,1
DA:20,3
DA:21,3
DA:22,1
DA:23,1
DA:24,1
DA:25,1
DA:26,1
DA:27,1
DA:28,1
DA:29,1
DA:30,1
LF:30
LH:30
BRDA:4,0,0,1
BRDA:7,1,0,2
BRDA:11,2,0,1
BRDA:12,3,0,1
BRDA:12,4,0,1
BRDA:15,5,0,3
BRDA:19,6,0,3
BRDA:23,7,0,1
BRDA:27,8,0,1
BRF:9
BRH:9
end_of_record
TN:
SF:src\utils\DBManager.ts
FN:18,DBManager
FN:35,Object.<anonymous>.DBManager.getAll
FN:59,Object.<anonymous>.DBManager.insertAll
FN:72,Object.<anonymous>.DBManager.insert
FN:88,Object.<anonymous>.DBManager.getById
FN:99,Object.<anonymous>.DBManager.deleteItem
FN:108,Object.<anonymous>.DBManager.update
FNF:7
FNH:7
FNDA:3,DBManager
FNDA:4,Object.<anonymous>.DBManager.getAll
FNDA:1,Object.<anonymous>.DBManager.insertAll
FNDA:7,Object.<anonymous>.DBManager.insert
FNDA:8,Object.<anonymous>.DBManager.getById
FNDA:5,Object.<anonymous>.DBManager.deleteItem
FNDA:2,Object.<anonymous>.DBManager.update
DA:1,1
DA:2,1
DA:3,1
DA:4,1
DA:5,1
DA:6,1
DA:7,1
DA:8,1
DA:9,1
DA:10,1
DA:11,1
DA:12,1
DA:13,1
DA:14,2
DA:15,2
DA:16,2
DA:17,2
DA:18,2
DA:19,3
DA:20,3
DA:21,3
DA:22,3
DA:23,3
DA:24,3
DA:25,3
DA:26,3
DA:27,3
DA:28,3
DA:29,3
DA:30,3
DA:31,3
DA:32,3
DA:33,3
DA:34,2
DA:35,2
DA:36,4
DA:37,4
DA:38,4
DA:39,4
DA:40,4
DA:41,4
DA:42,4
DA:43,4
DA:44,4
DA:45,4
DA:46,4
DA:47,4
DA:48,4
DA:49,4
DA:50,12
DA:51,4
DA:52,4
DA:53,4
DA:54,4
DA:55,4
DA:56,4
DA:57,4
DA:58,2
DA:59,2
DA:60,1
DA:61,1
DA:62,1
DA:63,3
DA:64,3
DA:65,3
DA:66,1
DA:67,1
DA:68,1
DA:69,1
DA:70,1
DA:71,2
DA:72,2
DA:73,7
DA:74,7
DA:75,7
DA:76,7
DA:77,7
DA:78,7
DA:79,7
DA:80,7
DA:81,7
DA:82,7
DA:83,7
DA:84,7
DA:85,7
DA:86,7
DA:87,2
DA:88,2
DA:89,8
DA:90,8
DA:91,8
DA:92,8
DA:93,8
DA:94,8
DA:95,8
DA:96,8
DA:97,8
DA:98,2
DA:99,2
DA:100,5
DA:101,5
DA:102,5
DA:103,5
DA:104,5
DA:105,5
DA:106,5
DA:107,2
DA:108,2
DA:109,2
DA:110,2
DA:111,2
DA:112,2
DA:113,2
DA:114,2
DA:115,2
DA:116,2
DA:117,2
DA:118,2
DA:119,2
DA:120,2
DA:121,2
DA:122,2
DA:123,2
DA:124,2
DA:125,2
DA:126,2
DA:127,2
DA:128,2
DA:129,2
DA:130,2
DA:131,2
DA:132,2
DA:133,2
DA:134,2
DA:135,2
DA:136,2
DA:137,2
DA:138,2
DA:139,2
DA:140,2
LF:140
LH:140
BRDA:14,0,0,2
BRDA:18,1,0,3
BRDA:35,2,0,4
BRDA:48,3,0,0
BRDA:49,4,0,0
BRDA:51,5,0,0
BRDA:49,6,0,12
BRDA:51,7,0,12
BRDA:59,8,0,1
BRDA:62,9,0,3
BRDA:72,10,0,7
BRDA:88,11,0,8
BRDA:96,12,0,6
BRDA:96,13,0,2
BRDA:99,14,0,5
BRDA:108,15,0,2
BRDA:115,16,0,9
BRDA:118,17,0,9
BRDA:126,18,0,9
BRF:19
BRH:16
end_of_record
TN:
SF:tests\unit\clientsMock.ts
FNF:0
FNH:0
DA:1,1
DA:2,1
DA:3,1
DA:4,1
DA:5,1
DA:6,1
DA:7,1
DA:8,1
DA:9,1
DA:10,1
DA:11,1
DA:12,1
DA:13,1
DA:14,1
DA:15,1
DA:16,1
DA:17,1
DA:18,1
DA:19,1
DA:20,1
DA:21,1
DA:22,1
DA:23,1
DA:24,1
DA:25,1
DA:26,1
DA:27,1
DA:28,1
DA:29,1
DA:30,1
DA:31,1
DA:32,1
DA:33,1
DA:34,1
DA:35,1
DA:36,1
DA:37,1
DA:38,1
DA:39,1
DA:40,1
DA:41,1
DA:42,1
DA:43,1
DA:44,1
DA:45,1
DA:46,1
LF:46
LH:46
BRF:0
BRH:0
end_of_record
