TN:
SF:src\utils\DBManager.ts
FN:18,DBManager
FN:35,Object.<anonymous>.DBManager.getAll
FN:59,Object.<anonymous>.DBManager.insertAll
FN:72,Object.<anonymous>.DBManager.insert
FN:88,Object.<anonymous>.DBManager.getById
FN:99,Object.<anonymous>.DBManager.deleteItem
FN:108,Object.<anonymous>.DBManager.update
FNF:7
FNH:7
FNDA:1,DBManager
FNDA:3,Object.<anonymous>.DBManager.getAll
FNDA:1,Object.<anonymous>.DBManager.insertAll
FNDA:4,Object.<anonymous>.DBManager.insert
FNDA:5,Object.<anonymous>.DBManager.getById
FNDA:4,Object.<anonymous>.DBManager.deleteItem
FNDA:1,Object.<anonymous>.DBManager.update
DA:1,1
DA:2,1
DA:3,1
DA:4,1
DA:5,1
DA:6,1
DA:7,1
DA:8,1
DA:9,1
DA:10,1
DA:11,1
DA:12,1
DA:13,1
DA:14,1
DA:15,1
DA:16,1
DA:17,1
DA:18,1
DA:19,1
DA:20,1
DA:21,1
DA:22,1
DA:23,1
DA:24,1
DA:25,1
DA:26,1
DA:27,1
DA:28,1
DA:29,1
DA:30,1
DA:31,1
DA:32,1
DA:33,1
DA:34,1
DA:35,1
DA:36,3
DA:37,3
DA:38,3
DA:39,3
DA:40,3
DA:41,3
DA:42,3
DA:43,3
DA:44,3
DA:45,3
DA:46,3
DA:47,3
DA:48,3
DA:49,3
DA:50,9
DA:51,3
DA:52,3
DA:53,3
DA:54,3
DA:55,3
DA:56,3
DA:57,3
DA:58,1
DA:59,1
DA:60,1
DA:61,1
DA:62,1
DA:63,3
DA:64,3
DA:65,3
DA:66,1
DA:67,1
DA:68,1
DA:69,1
DA:70,1
DA:71,1
DA:72,1
DA:73,4
DA:74,4
DA:75,4
DA:76,4
DA:77,4
DA:78,4
DA:79,4
DA:80,4
DA:81,4
DA:82,4
DA:83,4
DA:84,4
DA:85,4
DA:86,4
DA:87,1
DA:88,1
DA:89,5
DA:90,5
DA:91,5
DA:92,5
DA:93,5
DA:94,5
DA:95,5
DA:96,5
DA:97,5
DA:98,1
DA:99,1
DA:100,4
DA:101,4
DA:102,4
DA:103,4
DA:104,4
DA:105,4
DA:106,4
DA:107,1
DA:108,1
DA:109,1
DA:110,1
DA:111,1
DA:112,1
DA:113,1
DA:114,1
DA:115,1
DA:116,1
DA:117,1
DA:118,1
DA:119,1
DA:120,1
DA:121,1
DA:122,1
DA:123,1
DA:124,1
DA:125,1
DA:126,1
DA:127,1
DA:128,1
DA:129,1
DA:130,1
DA:131,1
DA:132,1
DA:133,1
DA:134,1
DA:135,1
DA:136,1
DA:137,1
DA:138,1
DA:139,1
DA:140,1
LF:140
LH:140
BRDA:14,0,0,1
BRDA:18,1,0,1
BRDA:35,2,0,3
BRDA:48,3,0,0
BRDA:49,4,0,0
BRDA:51,5,0,0
BRDA:49,6,0,9
BRDA:51,7,0,9
BRDA:59,8,0,1
BRDA:62,9,0,3
BRDA:72,10,0,4
BRDA:88,11,0,5
BRDA:96,12,0,4
BRDA:96,13,0,1
BRDA:99,14,0,4
BRDA:108,15,0,1
BRDA:115,16,0,6
BRDA:118,17,0,6
BRDA:126,18,0,6
BRF:19
BRH:16
end_of_record
TN:
SF:tests\unit\clientsMock.ts
FNF:0
FNH:0
DA:1,1
DA:2,1
DA:3,1
DA:4,1
DA:5,1
DA:6,1
DA:7,1
DA:8,1
DA:9,1
DA:10,1
DA:11,1
DA:12,1
DA:13,1
DA:14,1
DA:15,1
DA:16,1
DA:17,1
DA:18,1
DA:19,1
DA:20,1
DA:21,1
DA:22,1
DA:23,1
DA:24,1
DA:25,1
DA:26,1
DA:27,1
DA:28,1
DA:29,1
DA:30,1
DA:31,1
DA:32,1
DA:33,1
DA:34,1
DA:35,1
DA:36,1
DA:37,1
DA:38,1
DA:39,1
DA:40,1
DA:41,1
DA:42,1
DA:43,1
DA:44,1
DA:45,1
DA:46,1
LF:46
LH:46
BRF:0
BRH:0
end_of_record
